0 info it worked if it ends with ok
1 verbose cli [ 'D:\\git\\springbootReact\\fe\\node\\node.exe',
1 verbose cli   'D:\\git\\springbootReact\\fe\\node\\node_modules\\npm\\bin\\npm-cli.js',
1 verbose cli   'run',
1 verbose cli   'build' ]
2 info using npm@3.9.2
3 info using node@v4.4.5
4 verbose run-script [ 'prebuild', 'build', 'postbuild' ]
5 info lifecycle fe@0.0.1-SNAPSHOT~prebuild: fe@0.0.1-SNAPSHOT
6 silly lifecycle fe@0.0.1-SNAPSHOT~prebuild: no script for prebuild, continuing
7 info lifecycle fe@0.0.1-SNAPSHOT~build: fe@0.0.1-SNAPSHOT
8 verbose lifecycle fe@0.0.1-SNAPSHOT~build: unsafe-perm in lifecycle true
9 verbose lifecycle fe@0.0.1-SNAPSHOT~build: PATH: D:\git\springbootReact\fe\node\node_modules\npm\bin\node-gyp-bin;D:\git\springbootReact\fe\node_modules\.bin;D:\git\springbootReact\fe\node;D:\git\springbootReact\fe\node;C:/Program Files/Java/jre1.8.0_221/bin/server;C:/Program Files/Java/jre1.8.0_221/bin;C:/Program Files/Java/jre1.8.0_221/lib/amd64;C:\Program Files (x86)\Common Files\Oracle\Java\javapath;C:\Program Files (x86)\Intel\iCLS Client\;C:\Program Files\Intel\iCLS Client\;C:\Windows\system32;C:\Windows;C:\Windows\System32\Wbem;C:\Windows\System32\WindowsPowerShell\v1.0\;C:\Program Files\Intel\Intel(R) Management Engine Components\DAL;C:\Program Files\Intel\Intel(R) Management Engine Components\IPT;C:\Program Files (x86)\Intel\Intel(R) Management Engine Components\DAL;C:\Program Files (x86)\Intel\Intel(R) Management Engine Components\IPT;C:\Program Files (x86)\NVIDIA Corporation\PhysX\Common;C:\Program Files\NVIDIA Corporation\NVIDIA NvDLISR;C:\Program Files\nodejs\;C:\Users\Hyun\AppData\Roaming\npm;D:\sts-4.3.1.RELEASE;;
10 verbose lifecycle fe@0.0.1-SNAPSHOT~build: CWD: D:\git\springbootReact\fe
11 silly lifecycle fe@0.0.1-SNAPSHOT~build: Args: [ '/d /s /c', 'webpack' ]
12 silly lifecycle fe@0.0.1-SNAPSHOT~build: Returned: code: 2  signal: null
13 info lifecycle fe@0.0.1-SNAPSHOT~build: Failed to exec build script
14 verbose stack Error: fe@0.0.1-SNAPSHOT build: `webpack`
14 verbose stack Exit status 2
14 verbose stack     at EventEmitter.<anonymous> (D:\git\springbootReact\fe\node\node_modules\npm\lib\utils\lifecycle.js:245:16)
14 verbose stack     at emitTwo (events.js:87:13)
14 verbose stack     at EventEmitter.emit (events.js:172:7)
14 verbose stack     at ChildProcess.<anonymous> (D:\git\springbootReact\fe\node\node_modules\npm\lib\utils\spawn.js:24:14)
14 verbose stack     at emitTwo (events.js:87:13)
14 verbose stack     at ChildProcess.emit (events.js:172:7)
14 verbose stack     at maybeClose (internal/child_process.js:827:16)
14 verbose stack     at Process.ChildProcess._handle.onexit (internal/child_process.js:211:5)
15 verbose pkgid fe@0.0.1-SNAPSHOT
16 verbose cwd D:\git\springbootReact\fe
17 error Windows_NT 6.1.7601
18 error argv "D:\\git\\springbootReact\\fe\\node\\node.exe" "D:\\git\\springbootReact\\fe\\node\\node_modules\\npm\\bin\\npm-cli.js" "run" "build"
19 error node v4.4.5
20 error npm  v3.9.2
21 error code ELIFECYCLE
22 error fe@0.0.1-SNAPSHOT build: `webpack`
22 error Exit status 2
23 error Failed at the fe@0.0.1-SNAPSHOT build script 'webpack'.
23 error Make sure you have the latest version of node.js and npm installed.
23 error If you do, this is most likely a problem with the fe package,
23 error not with npm itself.
23 error Tell the author that this fails on your system:
23 error     webpack
23 error You can get information on how to open an issue for this project with:
23 error     npm bugs fe
23 error Or if that isn't available, you can get their info via:
23 error     npm owner ls fe
23 error There is likely additional logging output above.
24 verbose exit [ 1, true ]
